This file contains any messages produced by compilers while
running configure, to aid debugging if configure makes a mistake.

It was created by tokyocabinet configure 1.4.47, which was
generated by GNU Autoconf 2.65.  Invocation command line was

  $ ./configure --host=x86_64-w64-mingw32 --disable-zlib --disable-bzip

## --------- ##
## Platform. ##
## --------- ##

hostname = bmh-jjlauer-4
uname -m = x86_64
uname -r = 5.15.0-56-generic
uname -s = Linux
uname -v = #62-Ubuntu SMP Tue Nov 22 19:54:14 UTC 2022

/usr/bin/uname -p = x86_64
/bin/uname -X     = unknown

/bin/arch              = x86_64
/usr/bin/arch -k       = unknown
/usr/convex/getsysinfo = unknown
/usr/bin/hostinfo      = unknown
/bin/machine           = unknown
/usr/bin/oslevel       = unknown
/bin/universe          = unknown

PATH: /home/jjlauer/.local/bin
PATH: /opt/maven/current/bin
PATH: /usr/lib/jvm/current/bin
PATH: /usr/local/sbin
PATH: /usr/local/bin
PATH: /usr/sbin
PATH: /usr/bin
PATH: /sbin
PATH: /bin
PATH: /usr/games
PATH: /usr/local/games
PATH: /snap/bin
PATH: /snap/bin


## ----------- ##
## Core tests. ##
## ----------- ##

configure:2361: checking for x86_64-w64-mingw32-gcc
configure:2377: found /usr/bin/x86_64-w64-mingw32-gcc
configure:2388: result: x86_64-w64-mingw32-gcc
configure:2657: checking for C compiler version
configure:2666: x86_64-w64-mingw32-gcc --version >&5
x86_64-w64-mingw32-gcc (GCC) 10-win32 20220113
Copyright (C) 2020 Free Software Foundation, Inc.
This is free software; see the source for copying conditions.  There is NO
warranty; not even for MERCHANTABILITY or FITNESS FOR A PARTICULAR PURPOSE.

configure:2677: $? = 0
configure:2666: x86_64-w64-mingw32-gcc -v >&5
Using built-in specs.
COLLECT_GCC=x86_64-w64-mingw32-gcc
COLLECT_LTO_WRAPPER=/usr/lib/gcc/x86_64-w64-mingw32/10-win32/lto-wrapper
Target: x86_64-w64-mingw32
Configured with: ../../src/configure --build=x86_64-linux-gnu --prefix=/usr --includedir='/usr/include' --mandir='/usr/share/man' --infodir='/usr/share/info' --sysconfdir=/etc --localstatedir=/var --disable-option-checking --disable-silent-rules --libdir='/usr/lib/x86_64-linux-gnu' --libexecdir='/usr/lib/x86_64-linux-gnu' --disable-maintainer-mode --disable-dependency-tracking --prefix=/usr --enable-shared --enable-static --disable-multilib --with-system-zlib --libexecdir=/usr/lib --without-included-gettext --libdir=/usr/lib --enable-libstdcxx-time=yes --with-tune=generic --with-headers --enable-version-specific-runtime-libs --enable-fully-dynamic-string --enable-libgomp --enable-languages=c,c++,fortran,objc,obj-c++,ada --enable-lto --enable-threads=win32 --program-suffix=-win32 --program-prefix=x86_64-w64-mingw32- --target=x86_64-w64-mingw32 --with-as=/usr/bin/x86_64-w64-mingw32-as --with-ld=/usr/bin/x86_64-w64-mingw32-ld --enable-libatomic --enable-libstdcxx-filesystem-ts=yes --enable-dependency-tracking SED=/bin/sed
Thread model: win32
Supported LTO compression algorithms: zlib
gcc version 10-win32 20220113 (GCC) 
configure:2677: $? = 0
configure:2666: x86_64-w64-mingw32-gcc -V >&5
x86_64-w64-mingw32-gcc: error: unrecognized command-line option '-V'
x86_64-w64-mingw32-gcc: fatal error: no input files
compilation terminated.
configure:2677: $? = 1
configure:2666: x86_64-w64-mingw32-gcc -qversion >&5
x86_64-w64-mingw32-gcc: error: unrecognized command-line option '-qversion'; did you mean '--version'?
x86_64-w64-mingw32-gcc: fatal error: no input files
compilation terminated.
configure:2677: $? = 1
configure:2697: checking whether the C compiler works
configure:2719: x86_64-w64-mingw32-gcc    conftest.c  >&5
configure:2723: $? = 0
configure:2772: result: yes
configure:2775: checking for C compiler default output file name
configure:2777: result: a.exe
configure:2783: checking for suffix of executables
configure:2790: x86_64-w64-mingw32-gcc -o conftest.exe    conftest.c  >&5
configure:2794: $? = 0
configure:2816: result: .exe
configure:2838: checking whether we are cross compiling
configure:2846: x86_64-w64-mingw32-gcc -o conftest.exe    conftest.c  >&5
configure:2850: $? = 0
configure:2857: ./conftest.exe
./configure: line 2859: ./conftest.exe: cannot execute binary file: Exec format error
configure:2861: $? = 126
configure:2876: result: yes
configure:2881: checking for suffix of object files
configure:2903: x86_64-w64-mingw32-gcc -c   conftest.c >&5
configure:2907: $? = 0
configure:2928: result: o
configure:2932: checking whether we are using the GNU C compiler
configure:2951: x86_64-w64-mingw32-gcc -c   conftest.c >&5
configure:2951: $? = 0
configure:2960: result: yes
configure:2969: checking whether x86_64-w64-mingw32-gcc accepts -g
configure:2989: x86_64-w64-mingw32-gcc -c -g  conftest.c >&5
configure:2989: $? = 0
configure:3030: result: yes
configure:3047: checking for x86_64-w64-mingw32-gcc option to accept ISO C89
configure:3111: x86_64-w64-mingw32-gcc  -c -g -O2  conftest.c >&5
configure:3111: $? = 0
configure:3124: result: none needed
configure:3163: checking how to run the C preprocessor
configure:3194: x86_64-w64-mingw32-gcc -E  conftest.c
configure:3194: $? = 0
configure:3208: x86_64-w64-mingw32-gcc -E  conftest.c
conftest.c:9:10: fatal error: ac_nonexistent.h: No such file or directory
    9 | #include <ac_nonexistent.h>
      |          ^~~~~~~~~~~~~~~~~~
compilation terminated.
configure:3208: $? = 1
configure: failed program was:
| /* confdefs.h */
| #define PACKAGE_NAME "tokyocabinet"
| #define PACKAGE_TARNAME "tokyocabinet"
| #define PACKAGE_VERSION "1.4.48"
| #define PACKAGE_STRING "tokyocabinet 1.4.48"
| #define PACKAGE_BUGREPORT ""
| #define PACKAGE_URL ""
| /* end confdefs.h.  */
| #include <ac_nonexistent.h>
configure:3233: result: x86_64-w64-mingw32-gcc -E
configure:3253: x86_64-w64-mingw32-gcc -E  conftest.c
configure:3253: $? = 0
configure:3267: x86_64-w64-mingw32-gcc -E  conftest.c
conftest.c:9:10: fatal error: ac_nonexistent.h: No such file or directory
    9 | #include <ac_nonexistent.h>
      |          ^~~~~~~~~~~~~~~~~~
compilation terminated.
configure:3267: $? = 1
configure: failed program was:
| /* confdefs.h */
| #define PACKAGE_NAME "tokyocabinet"
| #define PACKAGE_TARNAME "tokyocabinet"
| #define PACKAGE_VERSION "1.4.48"
| #define PACKAGE_STRING "tokyocabinet 1.4.48"
| #define PACKAGE_BUGREPORT ""
| #define PACKAGE_URL ""
| /* end confdefs.h.  */
| #include <ac_nonexistent.h>
configure:3296: checking for grep that handles long lines and -e
configure:3354: result: /usr/bin/grep
configure:3359: checking for egrep
configure:3421: result: /usr/bin/grep -E
configure:3426: checking for ANSI C header files
configure:3446: x86_64-w64-mingw32-gcc -c -g -O2  conftest.c >&5
configure:3446: $? = 0
configure:3530: result: yes
configure:3543: checking for sys/types.h
configure:3543: x86_64-w64-mingw32-gcc -c -g -O2  conftest.c >&5
configure:3543: $? = 0
configure:3543: result: yes
configure:3543: checking for sys/stat.h
configure:3543: x86_64-w64-mingw32-gcc -c -g -O2  conftest.c >&5
configure:3543: $? = 0
configure:3543: result: yes
configure:3543: checking for stdlib.h
configure:3543: x86_64-w64-mingw32-gcc -c -g -O2  conftest.c >&5
configure:3543: $? = 0
configure:3543: result: yes
configure:3543: checking for string.h
configure:3543: x86_64-w64-mingw32-gcc -c -g -O2  conftest.c >&5
configure:3543: $? = 0
configure:3543: result: yes
configure:3543: checking for memory.h
configure:3543: x86_64-w64-mingw32-gcc -c -g -O2  conftest.c >&5
configure:3543: $? = 0
configure:3543: result: yes
configure:3543: checking for strings.h
configure:3543: x86_64-w64-mingw32-gcc -c -g -O2  conftest.c >&5
configure:3543: $? = 0
configure:3543: result: yes
configure:3543: checking for inttypes.h
configure:3543: x86_64-w64-mingw32-gcc -c -g -O2  conftest.c >&5
configure:3543: $? = 0
configure:3543: result: yes
configure:3543: checking for stdint.h
configure:3543: x86_64-w64-mingw32-gcc -c -g -O2  conftest.c >&5
configure:3543: $? = 0
configure:3543: result: yes
configure:3543: checking for unistd.h
configure:3543: x86_64-w64-mingw32-gcc -c -g -O2  conftest.c >&5
configure:3543: $? = 0
configure:3543: result: yes
configure:3556: checking whether byte ordering is bigendian
configure:3571: x86_64-w64-mingw32-gcc -c -g -O2  conftest.c >&5
conftest.c:20:9: error: unknown type name 'not'
   20 |         not a universal capable compiler
      |         ^~~
conftest.c:20:15: error: expected '=', ',', ';', 'asm' or '__attribute__' before 'universal'
   20 |         not a universal capable compiler
      |               ^~~~~~~~~
conftest.c:20:15: error: unknown type name 'universal'
configure:3571: $? = 1
configure: failed program was:
| /* confdefs.h */
| #define PACKAGE_NAME "tokyocabinet"
| #define PACKAGE_TARNAME "tokyocabinet"
| #define PACKAGE_VERSION "1.4.48"
| #define PACKAGE_STRING "tokyocabinet 1.4.48"
| #define PACKAGE_BUGREPORT ""
| #define PACKAGE_URL ""
| #define STDC_HEADERS 1
| #define HAVE_SYS_TYPES_H 1
| #define HAVE_SYS_STAT_H 1
| #define HAVE_STDLIB_H 1
| #define HAVE_STRING_H 1
| #define HAVE_MEMORY_H 1
| #define HAVE_STRINGS_H 1
| #define HAVE_INTTYPES_H 1
| #define HAVE_STDINT_H 1
| #define HAVE_UNISTD_H 1
| /* end confdefs.h.  */
| #ifndef __APPLE_CC__
| 	       not a universal capable compiler
| 	     #endif
| 	     typedef int dummy;
| 
configure:3616: x86_64-w64-mingw32-gcc -c -g -O2  conftest.c >&5
configure:3616: $? = 0
configure:3634: x86_64-w64-mingw32-gcc -c -g -O2  conftest.c >&5
conftest.c: In function 'main':
conftest.c:26:4: error: unknown type name 'not'; did you mean 'ino_t'?
   26 |    not big endian
      |    ^~~
      |    ino_t
conftest.c:26:12: error: expected '=', ',', ';', 'asm' or '__attribute__' before 'endian'
   26 |    not big endian
      |            ^~~~~~
configure:3634: $? = 1
configure: failed program was:
| /* confdefs.h */
| #define PACKAGE_NAME "tokyocabinet"
| #define PACKAGE_TARNAME "tokyocabinet"
| #define PACKAGE_VERSION "1.4.48"
| #define PACKAGE_STRING "tokyocabinet 1.4.48"
| #define PACKAGE_BUGREPORT ""
| #define PACKAGE_URL ""
| #define STDC_HEADERS 1
| #define HAVE_SYS_TYPES_H 1
| #define HAVE_SYS_STAT_H 1
| #define HAVE_STDLIB_H 1
| #define HAVE_STRING_H 1
| #define HAVE_MEMORY_H 1
| #define HAVE_STRINGS_H 1
| #define HAVE_INTTYPES_H 1
| #define HAVE_STDINT_H 1
| #define HAVE_UNISTD_H 1
| /* end confdefs.h.  */
| #include <sys/types.h>
| 		#include <sys/param.h>
| 
| int
| main ()
| {
| #if BYTE_ORDER != BIG_ENDIAN
| 		 not big endian
| 		#endif
| 
|   ;
|   return 0;
| }
configure:3762: result: no
configure:3781: checking for main in -lc
configure:3800: x86_64-w64-mingw32-gcc -o conftest.exe -g -O2   conftest.c -lc   >&5
/usr/bin/x86_64-w64-mingw32-ld: cannot find -lc: No such file or directory
collect2: error: ld returned 1 exit status
configure:3800: $? = 1
configure: failed program was:
| /* confdefs.h */
| #define PACKAGE_NAME "tokyocabinet"
| #define PACKAGE_TARNAME "tokyocabinet"
| #define PACKAGE_VERSION "1.4.48"
| #define PACKAGE_STRING "tokyocabinet 1.4.48"
| #define PACKAGE_BUGREPORT ""
| #define PACKAGE_URL ""
| #define STDC_HEADERS 1
| #define HAVE_SYS_TYPES_H 1
| #define HAVE_SYS_STAT_H 1
| #define HAVE_STDLIB_H 1
| #define HAVE_STRING_H 1
| #define HAVE_MEMORY_H 1
| #define HAVE_STRINGS_H 1
| #define HAVE_INTTYPES_H 1
| #define HAVE_STDINT_H 1
| #define HAVE_UNISTD_H 1
| /* end confdefs.h.  */
| 
| 
| int
| main ()
| {
| return main ();
|   ;
|   return 0;
| }
configure:3809: result: no
configure:3820: checking for main in -lm
configure:3839: x86_64-w64-mingw32-gcc -o conftest.exe -g -O2   conftest.c -lm   >&5
configure:3839: $? = 0
configure:3848: result: yes
configure:3861: checking for main in -lpthread
configure:3880: x86_64-w64-mingw32-gcc -o conftest.exe -g -O2   conftest.c -lpthread  -lm  >&5
configure:3880: $? = 0
configure:3889: result: yes
configure:3900: checking for main in -lrt
configure:3919: x86_64-w64-mingw32-gcc -o conftest.exe -g -O2   conftest.c -lrt  -lpthread -lm  >&5
/usr/bin/x86_64-w64-mingw32-ld: cannot find -lrt: No such file or directory
collect2: error: ld returned 1 exit status
configure:3919: $? = 1
configure: failed program was:
| /* confdefs.h */
| #define PACKAGE_NAME "tokyocabinet"
| #define PACKAGE_TARNAME "tokyocabinet"
| #define PACKAGE_VERSION "1.4.48"
| #define PACKAGE_STRING "tokyocabinet 1.4.48"
| #define PACKAGE_BUGREPORT ""
| #define PACKAGE_URL ""
| #define STDC_HEADERS 1
| #define HAVE_SYS_TYPES_H 1
| #define HAVE_SYS_STAT_H 1
| #define HAVE_STDLIB_H 1
| #define HAVE_STRING_H 1
| #define HAVE_MEMORY_H 1
| #define HAVE_STRINGS_H 1
| #define HAVE_INTTYPES_H 1
| #define HAVE_STDINT_H 1
| #define HAVE_UNISTD_H 1
| #define HAVE_LIBM 1
| #define HAVE_LIBPTHREAD 1
| /* end confdefs.h.  */
| 
| 
| int
| main ()
| {
| return main ();
|   ;
|   return 0;
| }
configure:3928: result: no
configure:4108: checking for main in -ltokyocabinet
configure:4127: x86_64-w64-mingw32-gcc -o conftest.exe -g -O2   conftest.c -ltokyocabinet  -lpthread -lm  >&5
/usr/bin/x86_64-w64-mingw32-ld: cannot find -ltokyocabinet: No such file or directory
collect2: error: ld returned 1 exit status
configure:4127: $? = 1
configure: failed program was:
| /* confdefs.h */
| #define PACKAGE_NAME "tokyocabinet"
| #define PACKAGE_TARNAME "tokyocabinet"
| #define PACKAGE_VERSION "1.4.48"
| #define PACKAGE_STRING "tokyocabinet 1.4.48"
| #define PACKAGE_BUGREPORT ""
| #define PACKAGE_URL ""
| #define STDC_HEADERS 1
| #define HAVE_SYS_TYPES_H 1
| #define HAVE_SYS_STAT_H 1
| #define HAVE_STDLIB_H 1
| #define HAVE_STRING_H 1
| #define HAVE_MEMORY_H 1
| #define HAVE_STRINGS_H 1
| #define HAVE_INTTYPES_H 1
| #define HAVE_STDINT_H 1
| #define HAVE_UNISTD_H 1
| #define HAVE_LIBM 1
| #define HAVE_LIBPTHREAD 1
| /* end confdefs.h.  */
| 
| 
| int
| main ()
| {
| return main ();
|   ;
|   return 0;
| }
configure:4136: result: no
configure:4145: checking for stdlib.h
configure:4145: result: yes
configure:4153: checking for stdint.h
configure:4153: result: yes
configure:4161: checking for unistd.h
configure:4161: result: yes
configure:4169: checking dirent.h usability
configure:4169: x86_64-w64-mingw32-gcc -c -g -O2  conftest.c >&5
configure:4169: $? = 0
configure:4169: result: yes
configure:4169: checking dirent.h presence
configure:4169: x86_64-w64-mingw32-gcc -E  conftest.c
configure:4169: $? = 0
configure:4169: result: yes
configure:4169: checking for dirent.h
configure:4169: result: yes
configure:4195: checking pthread.h usability
configure:4195: x86_64-w64-mingw32-gcc -c -g -O2  conftest.c >&5
configure:4195: $? = 0
configure:4195: result: yes
configure:4195: checking pthread.h presence
configure:4195: x86_64-w64-mingw32-gcc -E  conftest.c
configure:4195: $? = 0
configure:4195: result: yes
configure:4195: checking for pthread.h
configure:4195: result: yes
configure:4426: creating ./config.status

## ---------------------- ##
## Running config.status. ##
## ---------------------- ##

This file was extended by tokyocabinet config.status 1.4.47, which was
generated by GNU Autoconf 2.65.  Invocation command line was

  CONFIG_FILES    = 
  CONFIG_HEADERS  = 
  CONFIG_LINKS    = 
  CONFIG_COMMANDS = 
  $ ./config.status 

on bmh-jjlauer-4

config.status:748: creating Makefile
config.status:748: creating tokyocabinet.pc

## ---------------- ##
## Cache variables. ##
## ---------------- ##

ac_cv_c_bigendian=no
ac_cv_c_compiler_gnu=yes
ac_cv_env_CC_set=
ac_cv_env_CC_value=
ac_cv_env_CFLAGS_set=
ac_cv_env_CFLAGS_value=
ac_cv_env_CPPFLAGS_set=
ac_cv_env_CPPFLAGS_value=
ac_cv_env_CPP_set=
ac_cv_env_CPP_value=
ac_cv_env_LDFLAGS_set=
ac_cv_env_LDFLAGS_value=
ac_cv_env_LIBS_set=
ac_cv_env_LIBS_value=
ac_cv_env_build_alias_set=
ac_cv_env_build_alias_value=
ac_cv_env_host_alias_set=set
ac_cv_env_host_alias_value=x86_64-w64-mingw32
ac_cv_env_target_alias_set=
ac_cv_env_target_alias_value=
ac_cv_exeext=.exe
ac_cv_header_dirent_h=yes
ac_cv_header_inttypes_h=yes
ac_cv_header_memory_h=yes
ac_cv_header_pthread_h=yes
ac_cv_header_stdc=yes
ac_cv_header_stdint_h=yes
ac_cv_header_stdlib_h=yes
ac_cv_header_string_h=yes
ac_cv_header_strings_h=yes
ac_cv_header_sys_stat_h=yes
ac_cv_header_sys_types_h=yes
ac_cv_header_unistd_h=yes
ac_cv_lib_c_main=no
ac_cv_lib_m_main=yes
ac_cv_lib_pthread_main=yes
ac_cv_lib_rt_main=no
ac_cv_lib_tokyocabinet_main=no
ac_cv_objext=o
ac_cv_path_EGREP='/usr/bin/grep -E'
ac_cv_path_GREP=/usr/bin/grep
ac_cv_prog_CC=x86_64-w64-mingw32-gcc
ac_cv_prog_CPP='x86_64-w64-mingw32-gcc -E'
ac_cv_prog_cc_c89=
ac_cv_prog_cc_g=yes

## ----------------- ##
## Output variables. ##
## ----------------- ##

CC='x86_64-w64-mingw32-gcc'
CFLAGS='-g -O2'
CPP='x86_64-w64-mingw32-gcc -E'
CPPFLAGS=''
DEFS='-DPACKAGE_NAME=\"tokyocabinet\" -DPACKAGE_TARNAME=\"tokyocabinet\" -DPACKAGE_VERSION=\"1.4.48\" -DPACKAGE_STRING=\"tokyocabinet\ 1.4.48\" -DPACKAGE_BUGREPORT=\"\" -DPACKAGE_URL=\"\" -DSTDC_HEADERS=1 -DHAVE_SYS_TYPES_H=1 -DHAVE_SYS_STAT_H=1 -DHAVE_STDLIB_H=1 -DHAVE_STRING_H=1 -DHAVE_MEMORY_H=1 -DHAVE_STRINGS_H=1 -DHAVE_INTTYPES_H=1 -DHAVE_STDINT_H=1 -DHAVE_UNISTD_H=1 -DHAVE_LIBM=1 -DHAVE_LIBPTHREAD=1'
ECHO_C=''
ECHO_N='-n'
ECHO_T=''
EGREP='/usr/bin/grep -E'
EXEEXT='.exe'
GREP='/usr/bin/grep'
LDFLAGS=''
LIBOBJS=''
LIBS='-lpthread -lm '
LTLIBOBJS=''
MYCFLAGS='-g -O2 -std=gnu99 -Wall  -fsigned-char -O2'
MYCGIFILES='tcawmgr.cgi'
MYCMDLDFLAGS=''
MYCOMMANDFILES='tcutest tcumttest tcucodec tchtest tchmttest tchmgr tcbtest tcbmttest tcbmgr tcftest tcfmttest tcfmgr tcttest tctmttest tctmgr tcatest tcamttest tcamgr'
MYCPPFLAGS='-I. -I$(INCLUDEDIR) -I/home/jjlauer/include -I/usr/local/include -DNDEBUG -D_GNU_SOURCE=1 -D_REENTRANT -D__EXTENSIONS__ -D_MYNOZLIB -D_MYNOBZIP'
MYDOCUMENTFILES='COPYING ChangeLog doc tokyocabinet.idl'
MYFORMATVER='1.0'
MYHEADERFILES='tcutil.h tchdb.h tcbdb.h tcfdb.h tctdb.h tcadb.h'
MYLDFLAGS='-L. -L$(LIBDIR) -L/home/jjlauer/lib -L/usr/local/lib'
MYLDLIBPATHENV='LD_LIBRARY_PATH'
MYLIBOBJFILES='tcutil.o tchdb.o tcbdb.o tcfdb.o tctdb.o tcadb.o myconf.o md5.o'
MYLIBRARYFILES='libtokyocabinet.a libtokyocabinet.so.9.10.0 libtokyocabinet.so.9 libtokyocabinet.so'
MYLIBREV='10'
MYLIBVER='9'
MYMAN1FILES='tcutest.1 tcumttest.1 tcucodec.1 tchtest.1 tchmttest.1 tchmgr.1 tcbtest.1 tcbmttest.1 tcbmgr.1 tcftest.1 tcfmttest.1 tcfmgr.1 tcttest.1 tctmttest.1 tctmgr.1 tcatest.1 tcamttest.1 tcamgr.1'
MYMAN3FILES='tokyocabinet.3 tcutil.3 tcxstr.3 tclist.3 tcmap.3 tctree.3 tcmdb.3 tcmpool.3 tchdb.3 tcbdb.3 tcfdb.3 tctdb.3 tcadb.3'
MYPCFILES='tokyocabinet.pc'
MYPOSTCMD='true'
MYRUNPATH='$(LIBDIR)'
OBJEXT='o'
PACKAGE_BUGREPORT=''
PACKAGE_NAME='tokyocabinet'
PACKAGE_STRING='tokyocabinet 1.4.48'
PACKAGE_TARNAME='tokyocabinet'
PACKAGE_URL=''
PACKAGE_VERSION='1.4.48'
PATH_SEPARATOR=':'
SHELL='/bin/bash'
ac_ct_CC=''
bindir='${exec_prefix}/bin'
build_alias=''
datadir='${datarootdir}'
datarootdir='${prefix}/share'
docdir='${datarootdir}/doc/${PACKAGE_TARNAME}'
dvidir='${docdir}'
exec_prefix='${prefix}'
host_alias='x86_64-w64-mingw32'
htmldir='${docdir}'
includedir='${prefix}/include'
infodir='${datarootdir}/info'
libdir='${exec_prefix}/lib'
libexecdir='${exec_prefix}/libexec'
localedir='${datarootdir}/locale'
localstatedir='${prefix}/var'
mandir='${datarootdir}/man'
oldincludedir='/usr/include'
pdfdir='${docdir}'
prefix='/usr/local'
program_transform_name='s,x,x,'
psdir='${docdir}'
sbindir='${exec_prefix}/sbin'
sharedstatedir='${prefix}/com'
sysconfdir='${prefix}/etc'
target_alias=''

## ----------- ##
## confdefs.h. ##
## ----------- ##

/* confdefs.h */
#define PACKAGE_NAME "tokyocabinet"
#define PACKAGE_TARNAME "tokyocabinet"
#define PACKAGE_VERSION "1.4.48"
#define PACKAGE_STRING "tokyocabinet 1.4.48"
#define PACKAGE_BUGREPORT ""
#define PACKAGE_URL ""
#define STDC_HEADERS 1
#define HAVE_SYS_TYPES_H 1
#define HAVE_SYS_STAT_H 1
#define HAVE_STDLIB_H 1
#define HAVE_STRING_H 1
#define HAVE_MEMORY_H 1
#define HAVE_STRINGS_H 1
#define HAVE_INTTYPES_H 1
#define HAVE_STDINT_H 1
#define HAVE_UNISTD_H 1
#define HAVE_LIBM 1
#define HAVE_LIBPTHREAD 1

configure: exit 0
